2024-10-14 17:15:45.407 [info] [main] Log level: Info
2024-10-14 17:15:45.407 [info] [main] Validating found git in: "git"
2024-10-14 17:15:45.407 [info] [main] Using git "2.47.0" from "git"
2024-10-14 17:15:45.407 [info] [Model][doInitialScan] Initial repository scan started
2024-10-14 17:15:45.407 [info] > git rev-parse --show-toplevel [15ms]
2024-10-14 17:15:45.407 [info] > git rev-parse --git-dir --git-common-dir [3ms]
2024-10-14 17:15:45.407 [info] [Model][openRepository] Opened repository: /home/neto/projects/shiftlanding
2024-10-14 17:15:45.407 [info] > git rev-parse --show-toplevel [4ms]
2024-10-14 17:15:45.407 [info] > git config --get commit.template [11ms]
2024-10-14 17:15:45.423 [info] > git rev-parse --show-toplevel [8ms]
2024-10-14 17:15:45.424 [info] [Model][doInitialScan] Initial repository scan completed - repositories (1), closed repositories (0), parent repositories (0), unsafe repositories (0)
2024-10-14 17:15:45.428 [info] > git for-each-ref --format=%(refname)%00%(upstream:short)%00%(objectname)%00%(upstream:track)%00%(upstream:remotename)%00%(upstream:remoteref) refs/heads/main refs/remotes/main [7ms]
2024-10-14 17:15:45.435 [warning] [Git][revParse] Unable to read file: ENOENT: no such file or directory, open '/home/neto/projects/shiftlanding/.git/refs/remotes/origin/main'
2024-10-14 17:15:45.436 [info] > git rev-parse refs/remotes/origin/main [1ms]
2024-10-14 17:15:45.454 [info] > git status -z -uall [10ms]
2024-10-14 17:15:45.455 [info] > git for-each-ref --sort -committerdate --format %(refname) %(objectname) %(*objectname) [2ms]
2024-10-14 17:15:45.477 [info] > git for-each-ref --format=%(refname)%00%(upstream:short)%00%(objectname)%00%(upstream:track)%00%(upstream:remotename)%00%(upstream:remoteref) refs/heads/main refs/remotes/main [9ms]
2024-10-14 17:15:45.487 [info] > git config --get commit.template [11ms]
2024-10-14 17:15:45.490 [info] > git config --local branch.main.vscode-merge-base [4ms]
2024-10-14 17:15:45.539 [info] > git for-each-ref --format=%(refname)%00%(upstream:short)%00%(objectname)%00%(upstream:track)%00%(upstream:remotename)%00%(upstream:remoteref) refs/heads/origin/main refs/remotes/origin/main [42ms]
2024-10-14 17:15:45.569 [info] > git merge-base refs/heads/main refs/remotes/origin/main [23ms]
2024-10-14 17:15:45.576 [info] > git for-each-ref --format=%(refname)%00%(upstream:short)%00%(objectname)%00%(upstream:track)%00%(upstream:remotename)%00%(upstream:remoteref) refs/heads/main refs/remotes/main [37ms]
2024-10-14 17:15:45.584 [warning] [Git][revParse] Unable to read file: ENOENT: no such file or directory, open '/home/neto/projects/shiftlanding/.git/refs/remotes/origin/main'
2024-10-14 17:15:45.588 [info] > git diff --name-status -z --diff-filter=ADMR 3433ff337ad9c0fae3adf288c130f60bbc8f9230...refs/remotes/origin/main [12ms]
2024-10-14 17:15:45.589 [info] > git rev-parse refs/remotes/origin/main [5ms]
2024-10-14 17:15:45.602 [info] > git status -z -uall [7ms]
2024-10-14 17:15:45.604 [info] > git for-each-ref --sort -committerdate --format %(refname) %(objectname) %(*objectname) [2ms]
2024-10-14 17:15:45.705 [info] > git ls-files --stage -- /home/neto/projects/shiftlanding/main.js [1ms]
2024-10-14 17:15:45.710 [info] > git cat-file -s 422d7728ad98666812c8fd7b8d18138e6e69f429 [1ms]
2024-10-14 17:15:45.718 [info] > git show --textconv :main.js [19ms]
2024-10-14 17:15:45.929 [info] > git check-ignore -v -z --stdin [1ms]
