2024-10-10 23:13:00.602 [info] Added views:outline in workbench.view.explorer
2024-10-10 23:13:00.602 [info] Added views:workbench.view.search in workbench.view.search
2024-10-10 23:13:00.602 [info] Added views:workbench.scm in workbench.view.scm
2024-10-10 23:13:00.602 [info] Added views:workbench.panel.markers.view in workbench.panel.markers
2024-10-10 23:13:00.602 [info] Added views:workbench.panel.output in workbench.panel.output
2024-10-10 23:13:00.602 [info] Added views:terminal in terminal
2024-10-10 23:13:00.602 [info] Added views:timeline in workbench.view.explorer
2024-10-10 23:13:00.602 [info] Added views:workbench.explorer.emptyView in workbench.view.explorer
2024-10-10 23:13:00.734 [info] Added views:workbench.debug.welcome in workbench.view.debug
2024-10-10 23:13:01.071 [info] Added views:workbench.panel.repl.view in workbench.panel.repl
2024-10-10 23:13:01.098 [info] Added views:~remote.forwardedPorts in ~remote.forwardedPortsContainer
2024-10-10 23:20:01.509 [info] Added views:outline in workbench.view.explorer
2024-10-10 23:20:01.509 [info] Added views:workbench.view.search in workbench.view.search
2024-10-10 23:20:01.509 [info] Added views:workbench.scm in workbench.view.scm
2024-10-10 23:20:01.509 [info] Added views:workbench.panel.markers.view in workbench.panel.markers
2024-10-10 23:20:01.509 [info] Added views:workbench.panel.output in workbench.panel.output
2024-10-10 23:20:01.509 [info] Added views:terminal in terminal
2024-10-10 23:20:01.509 [info] Added views:timeline in workbench.view.explorer
2024-10-10 23:20:01.509 [info] Added views:workbench.explorer.fileView in workbench.view.explorer
2024-10-10 23:20:01.654 [info] Added views:workbench.debug.variablesView,workbench.debug.watchExpressionsView,workbench.debug.callStackView,workbench.debug.breakPointsView in workbench.view.debug
2024-10-10 23:20:01.919 [info] Added views:~remote.forwardedPorts in ~remote.forwardedPortsContainer
2024-10-10 23:20:02.013 [info] Added views:workbench.panel.repl.view in workbench.panel.repl
2024-10-10 23:20:02.014 [info] Removed views:workbench.debug.breakPointsView,workbench.debug.callStackView,workbench.debug.watchExpressionsView,workbench.debug.variablesView from workbench.view.debug
2024-10-10 23:20:02.015 [info] Added views:workbench.debug.welcome in workbench.view.debug
2024-10-10 23:20:04.188 [info] Added views:workbench.scm.history in workbench.view.scm
2024-10-10 23:26:08.642 [info] Removed views:workbench.scm.history from workbench.view.scm
